Monday 07 July 2025 10:22:43 AM IST START WORK
Monday 07 July 2025 10:22:43 AM IST -Starting workday
Monday 07 July 2025 10:22:54 AM IST START WORK
Monday 07 July 2025 10:22:55 AM IST -Starting workday
Monday 07 July 2025 10:23:01 AM IST END OF DAY
Monday 07 July 2025 10:23:01 AM IST - Shutting down work
Monday 07 July 2025 10:23:06 AM IST END OF DAY
Monday 07 July 2025 10:23:06 AM IST - Shutting down work
Monday 07 July 2025 10:25:01 AM IST START WORK
Monday 07 July 2025 10:25:01 AM IST -Starting workday
Monday 07 July 2025 10:26:01 AM IST LUNCH BREAK
Monday 07 July 2025 10:26:01 AM IST -Lunch break reminder
Monday 07 July 2025 10:27:01 AM IST END OF DAY
Monday 07 July 2025 10:27:01 AM IST - Shutting down work
Monday 07 July 2025 10:38:19 AM IST Lunchtime Bliss!!!Pause for Flavour!!!
Monday 07 July 2025 10:38:19 AM IST -Lunch break reminder
Monday 07 July 2025 10:38:51 AM IST LUNCH BREAK
Monday 07 July 2025 10:38:51 AM IST -Lunch break reminder
Monday 07 July 2025 04:19:17 PM IST START WORK
Monday 07 July 2025 04:19:17 PM IST -Starting workday
Monday 07 July 2025 04:19:31 PM IST END OF DAY
Monday 07 July 2025 04:19:31 PM IST - Shutting down work
Monday 07 July 2025 04:22:02 PM IST START WORK
Monday 07 July 2025 04:22:02 PM IST -Starting workday
Monday 07 July 2025 04:22:12 PM IST END OF DAY
Monday 07 July 2025 04:22:12 PM IST - Shutting down work
Monday 07 July 2025 05:04:45 PM IST START WORK
Monday 07 July 2025 05:04:45 PM IST -Starting workday
Monday 07 July 2025 05:04:56 PM IST END OF DAY
Monday 07 July 2025 05:04:56 PM IST - Shutting down work
Monday 07 July 2025 05:21:28 PM IST START WORK
Monday 07 July 2025 05:21:28 PM IST -Starting workday
Monday 07 July 2025 05:21:43 PM IST END OF DAY
Monday 07 July 2025 05:21:43 PM IST - Shutting down work
Monday 07 July 2025 05:23:32 PM IST START WORK
Monday 07 July 2025 05:23:32 PM IST -Starting workday
Monday 07 July 2025 05:24:11 PM IST START WORK
Monday 07 July 2025 05:24:11 PM IST -Starting workday
Monday 07 July 2025 05:24:35 PM IST END OF DAY
Monday 07 July 2025 05:24:35 PM IST - Shutting down work
Monday 07 July 2025 05:25:09 PM IST START WORK
Monday 07 July 2025 05:25:09 PM IST -Starting workday
Monday 07 July 2025 05:25:28 PM IST END OF DAY
Monday 07 July 2025 05:25:28 PM IST - Shutting down work
Tuesday 08 July 2025 10:22:45 AM IST START WORK
Tuesday 08 July 2025 10:22:45 AM IST -Starting workday
Tuesday 08 July 2025 10:22:58 AM IST START WORK
Tuesday 08 July 2025 10:22:58 AM IST -Starting workday
Tuesday 08 July 2025 10:23:01 AM IST START WORK
Tuesday 08 July 2025 10:23:01 AM IST -Starting workday
Tuesday 08 July 2025 10:23:24 AM IST START WORK
Tuesday 08 July 2025 10:23:24 AM IST -Starting workday
Tuesday 08 July 2025 10:23:42 AM IST START WORK
Tuesday 08 July 2025 10:23:42 AM IST -Starting workday
Tuesday 08 July 2025 10:23:47 AM IST END OF DAY
Tuesday 08 July 2025 10:23:47 AM IST - Shutting down work
Tuesday 08 July 2025 10:24:01 AM IST LUNCH BREAK
Tuesday 08 July 2025 10:24:01 AM IST -Lunch break reminder
Tuesday 08 July 2025 10:25:01 AM IST END OF DAY
Tuesday 08 July 2025 10:25:01 AM IST - Shutting down work
Tuesday 08 July 2025 10:27:13 AM IST START WORK
Tuesday 08 July 2025 10:27:13 AM IST -Starting workday
Tuesday 08 July 2025 10:27:21 AM IST END OF DAY
Tuesday 08 July 2025 10:27:21 AM IST - Shutting down work
Tuesday 08 July 2025 10:27:37 AM IST START WORK
Tuesday 08 July 2025 10:27:37 AM IST -Starting workday
Tuesday 08 July 2025 10:27:41 AM IST END OF DAY
Tuesday 08 July 2025 10:27:42 AM IST - Shutting down work
Tuesday 08 July 2025 10:27:49 AM IST START WORK
Tuesday 08 July 2025 10:27:49 AM IST -Starting workday
Tuesday 08 July 2025 10:27:52 AM IST END OF DAY
Tuesday 08 July 2025 10:27:52 AM IST - Shutting down work
Tuesday 08 July 2025 10:28:57 AM IST START WORK
Tuesday 08 July 2025 10:28:57 AM IST -Starting workday
Tuesday 08 July 2025 10:29:01 AM IST END OF DAY
Tuesday 08 July 2025 10:29:01 AM IST - Shutting down work
Tuesday 08 July 2025 10:30:49 AM IST START WORK
Tuesday 08 July 2025 10:30:49 AM IST -Starting workday
Tuesday 08 July 2025 10:30:55 AM IST END OF DAY
Tuesday 08 July 2025 10:30:56 AM IST - Shutting down work
Tuesday 08 July 2025 10:31:12 AM IST START WORK
Tuesday 08 July 2025 10:31:12 AM IST -Starting workday
Tuesday 08 July 2025 10:31:15 AM IST END OF DAY
Tuesday 08 July 2025 10:31:15 AM IST - Shutting down work
Tuesday 08 July 2025 10:33:22 AM IST START WORK
Tuesday 08 July 2025 10:33:22 AM IST -Starting workday
Tuesday 08 July 2025 10:33:43 AM IST END OF DAY
Tuesday 08 July 2025 10:33:43 AM IST - Shutting down work
Tuesday 08 July 2025 10:36:12 AM IST START WORK
Tuesday 08 July 2025 10:36:12 AM IST -Starting workday
Tuesday 08 July 2025 10:36:22 AM IST END OF DAY
Tuesday 08 July 2025 10:36:22 AM IST - Shutting down work
Tuesday 08 July 2025 04:25:34 PM IST START WORK
Tuesday 08 July 2025 04:25:34 PM IST -Starting workday
Tuesday 08 July 2025 04:25:53 PM IST END OF DAY
Tuesday 08 July 2025 04:25:53 PM IST - Shutting down work
Tuesday 08 July 2025 04:29:30 PM IST Let's get Started!!!Let's Collaborate and Innovate
Tuesday 08 July 2025 04:29:30 PM IST -Starting workday
Tuesday 08 July 2025 04:29:44 PM IST LunchTime Bliss..Pause for Flavour-
Tuesday 08 July 2025 04:29:44 PM IST -Lunch break reminder
Tuesday 08 July 2025 04:29:54 PM IST I'm proud of your Progress!!!That's a wrap!!
Tuesday 08 July 2025 04:29:54 PM IST - Shutting down work
Tuesday 08 July 2025 04:31:07 PM IST **LunchTime Bliss**Pause for Flavour-
Tuesday 08 July 2025 04:31:07 PM IST -Lunch break reminder
Tuesday 08 July 2025 04:34:01 PM IST Let's get Started!!!Let's Collaborate and Innovate!!
Tuesday 08 July 2025 04:34:01 PM IST -Starting workday
Tuesday 08 July 2025 04:35:01 PM IST **LunchTime Bliss**Pause for Flavour-
Tuesday 08 July 2025 04:35:01 PM IST -Lunch break reminder
Tuesday 08 July 2025 04:36:01 PM IST I'm proud of your Progress!!!That's a wrap!!
Tuesday 08 July 2025 04:36:01 PM IST - Shutting down work
Tuesday 08 July 2025 04:36:48 PM IST **LunchTime Bliss**Pause for Flavour-
Tuesday 08 July 2025 04:36:48 PM IST -Lunch break reminder
Tuesday 08 July 2025 04:37:05 PM IST Let's get Started!!!Let's Collaborate and Innovate!!
Tuesday 08 July 2025 04:37:05 PM IST -Starting workday
Tuesday 08 July 2025 04:37:31 PM IST I'm proud of your Progress!!!That's a wrap!!
Tuesday 08 July 2025 04:37:31 PM IST - Shutting down work
Tuesday 08 July 2025 04:47:20 PM IST Let's get Started!!!Let's Collaborate and Innovate!!
Tuesday 08 July 2025 04:47:20 PM IST -Starting workday
Tuesday 08 July 2025 04:48:37 PM IST Let's get Started!!!Let's Collaborate and Innovate!!
Tuesday 08 July 2025 04:48:37 PM IST -Starting workday
Tuesday 08 July 2025 04:49:01 PM IST **LunchTime Bliss**Pause for Flavour-
Tuesday 08 July 2025 04:49:01 PM IST -Lunch break reminder
Tuesday 08 July 2025 04:49:13 PM IST I'm proud of your Progress!!!That's a wrap!!
Tuesday 08 July 2025 04:49:13 PM IST - Shutting down work
Tuesday 08 July 2025 05:47:56 PM IST I'm proud of your Progress!!!That's a wrap!!
Tuesday 08 July 2025 05:47:56 PM IST Kindly save your Progress
Tuesday 08 July 2025 05:47:56 PM IST - Shutting down work
Tuesday 08 July 2025 05:49:30 PM IST I'm proud of your Progress!!!That's a wrap!!
Tuesday 08 July 2025 05:49:30 PM IST Kindly save your Progress
Tuesday 08 July 2025 05:49:30 PM IST - Shutting down work
Tuesday 08 July 2025 05:50:08 PM IST I'm proud of your Progress!!!That's a wrap!!
Tuesday 08 July 2025 05:50:08 PM IST Kindly save your Progress
Tuesday 08 July 2025 05:50:08 PM IST - Shutting down work
Tuesday 08 July 2025 05:50:17 PM IST **LunchTime Bliss**Pause for Flavour-
Tuesday 08 July 2025 05:50:17 PM IST -Lunch break reminder
Tuesday 08 July 2025 05:50:23 PM IST I'm proud of your Progress!!!That's a wrap!!
Tuesday 08 July 2025 05:50:23 PM IST Kindly save your Progress
Tuesday 08 July 2025 05:50:23 PM IST - Shutting down work
Tuesday 08 July 2025 05:50:43 PM IST I'm proud of your Progress!!!That's a wrap!!
Tuesday 08 July 2025 05:50:44 PM IST - Shutting down work
Tuesday 08 July 2025 05:51:55 PM IST I'm proud of your Progress!!!That's a wrap!!
Tuesday 08 July 2025 05:51:55 PM IST Kindly save your progress
Tuesday 08 July 2025 05:51:55 PM IST - Shutting down work
Tuesday 08 July 2025 05:52:32 PM IST I'm proud of your Progress!!!That's a wrap!!!Kindly save your progress
Tuesday 08 July 2025 05:52:32 PM IST - Shutting down work
Tuesday 08 July 2025 05:53:59 PM IST Let's get Started!!!Let's Collaborate and Innovate!!
Tuesday 08 July 2025 05:53:59 PM IST -Starting workday
Tuesday 08 July 2025 05:54:13 PM IST I'm proud of your Progress!!!That's a wrap!!!Kindly save your progress
Tuesday 08 July 2025 05:54:19 PM IST - Shutting down work
Tuesday 08 July 2025 05:54:50 PM IST Let's get Started!!!Let's Collaborate and Innovate!!
Tuesday 08 July 2025 05:54:50 PM IST -Starting workday
Tuesday 08 July 2025 05:55:06 PM IST **LunchTime Bliss**Pause for Flavour-
Tuesday 08 July 2025 05:55:06 PM IST -Lunch break reminder
Tuesday 08 July 2025 05:55:16 PM IST I'm proud of your Progress!!!That's a wrap!!!Kindly save your progress
Tuesday 08 July 2025 05:55:26 PM IST - Shutting down work
Tuesday 08 July 2025 05:55:37 PM IST Let's get Started!!!Let's Collaborate and Innovate!!
Tuesday 08 July 2025 05:55:37 PM IST -Starting workday
Tuesday 08 July 2025 05:55:47 PM IST I'm proud of your Progress!!!That's a wrap!!!Kindly save your progress
Tuesday 08 July 2025 05:55:57 PM IST - Shutting down work
Tuesday 08 July 2025 05:57:24 PM IST Let's get Started!!!Let's Collaborate and Innovate!!
Tuesday 08 July 2025 05:57:24 PM IST -Starting workday
Tuesday 08 July 2025 06:01:14 PM IST Let's get Started!!!Let's Collaborate and Innovate!!
Tuesday 08 July 2025 06:01:14 PM IST -Starting workday
Tuesday 08 July 2025 06:01:23 PM IST **LunchTime Bliss**Pause for Flavour-
Tuesday 08 July 2025 06:01:24 PM IST -Lunch break reminder
Tuesday 08 July 2025 06:01:32 PM IST Time to clock Out...Kindly save your progress
Tuesday 08 July 2025 06:01:43 PM IST I'm proud of your progress!!!That's a wrap!!
Tuesday 08 July 2025 06:01:48 PM IST - Shutting down work
Wednesday 09 July 2025 09:50:01 AM IST **LunchTime Bliss**Pause for Flavour-
Wednesday 09 July 2025 09:50:01 AM IST -Lunch break reminder
Wednesday 09 July 2025 09:52:01 AM IST Time to clock Out...Kindly save your progress
Wednesday 09 July 2025 09:52:11 AM IST I'm proud of your progress!!!That's a wrap!!
Wednesday 09 July 2025 09:52:16 AM IST - Shutting down work
Wednesday 09 July 2025 04:58:01 PM IST Let's get Started!!!Let's Collaborate and Innovate!!
Wednesday 09 July 2025 04:58:01 PM IST -Starting workday
Wednesday 09 July 2025 04:59:01 PM IST **LunchTime Bliss**Pause for Flavour-
Wednesday 09 July 2025 04:59:01 PM IST -Lunch break reminder
Wednesday 09 July 2025 05:00:01 PM IST Time to clock Out...Kindly save your progress
Wednesday 09 July 2025 05:00:11 PM IST I'm proud of your progress!!!That's a wrap!!
Wednesday 09 July 2025 05:00:17 PM IST - Shutting down work
Wednesday 09 July 2025 05:10:01 PM IST Let's get Started!!!Let's Collaborate and Innovate!!
Wednesday 09 July 2025 05:10:01 PM IST -Starting workday
Wednesday 09 July 2025 05:11:01 PM IST **LunchTime Bliss**Pause for Flavour-
Wednesday 09 July 2025 05:11:01 PM IST -Lunch break reminder
Wednesday 09 July 2025 05:12:01 PM IST Time to clock Out...Kindly save your progress
Wednesday 09 July 2025 05:12:11 PM IST I'm proud of your progress!!!That's a wrap!!
Wednesday 09 July 2025 05:12:16 PM IST - Shutting down work
Wednesday 09 July 2025 05:25:01 PM IST Let's get Started!!!Let's Collaborate and Innovate!!
Wednesday 09 July 2025 05:25:01 PM IST -Starting workday
Wednesday 09 July 2025 05:30:01 PM IST Let's get Started!!!Let's Collaborate and Innovate!!
Wednesday 09 July 2025 05:30:01 PM IST -Starting workday
Wednesday 09 July 2025 05:31:01 PM IST **LunchTime Bliss**Pause for Flavour-
Wednesday 09 July 2025 05:31:01 PM IST -Lunch break reminder
Wednesday 09 July 2025 05:32:01 PM IST Time to clock Out...Kindly save your progress
Wednesday 09 July 2025 05:32:11 PM IST I'm proud of your progress!!!That's a wrap!!
Wednesday 09 July 2025 05:32:16 PM IST - Shutting down work
Thursday 10 July 2025 09:50:01 AM IST Let's get Started!!!Let's Collaborate and Innovate!!
Thursday 10 July 2025 09:50:01 AM IST -Starting workday
Thursday 10 July 2025 09:51:01 AM IST **LunchTime Bliss**Pause for Flavour-
Thursday 10 July 2025 09:51:01 AM IST -Lunch break reminder
Thursday 10 July 2025 09:52:01 AM IST Time to clock Out...Kindly save your progress
Thursday 10 July 2025 09:52:11 AM IST I'm proud of your progress!!!That's a wrap!!
Thursday 10 July 2025 09:52:16 AM IST - Shutting down work
Thursday 10 July 2025 10:12:01 AM IST Let's get Started!!!Let's Collaborate and Innovate!!
Thursday 10 July 2025 10:12:01 AM IST -Starting workday
Thursday 10 July 2025 10:13:01 AM IST **LunchTime Bliss**Pause for Flavour-
Thursday 10 July 2025 10:13:01 AM IST -Lunch break reminder
Thursday 10 July 2025 10:14:01 AM IST Time to clock Out...Kindly save your progress
Thursday 10 July 2025 10:14:11 AM IST I'm proud of your progress!!!That's a wrap!!
Thursday 10 July 2025 10:14:16 AM IST - Shutting down work
Thursday 10 July 2025 10:45:01 AM IST -Starting workday
Thursday 10 July 2025 10:46:01 AM IST -Lunch break reminder
Thursday 10 July 2025 10:47:16 AM IST - Shutting down work
Thursday 10 July 2025 10:49:05 AM IST -Starting workday
Thursday 10 July 2025 10:49:38 AM IST -Lunch break reminder
Thursday 10 July 2025 10:50:34 AM IST - Shutting down work
Thursday 10 July 2025 10:56:01 AM IST -Starting workday
Thursday 10 July 2025 10:57:01 AM IST -Lunch break reminder
Thursday 10 July 2025 10:58:16 AM IST - Shutting down work
Friday 11 July 2025 09:59:28 AM IST -Starting workday
Friday 11 July 2025 10:56:01 AM IST -Starting workday
Friday 11 July 2025 10:57:01 AM IST -Lunch break reminder
Friday 11 July 2025 10:58:17 AM IST - Shutting down work
Monday 14 July 2025 10:56:01 AM IST -Starting workday
Monday 14 July 2025 10:57:01 AM IST -Lunch break reminder
Monday 14 July 2025 10:58:16 AM IST - Shutting down work
Friday 25 July 2025 10:58:01 AM IST -Starting workday
Friday 25 July 2025 10:59:01 AM IST -Lunch break reminder
Friday 25 July 2025 11:00:16 AM IST - Shutting down work
Friday 25 July 2025 11:24:01 AM IST -Starting workday
Monday 28 July 2025 10:59:01 AM IST -Lunch break reminder
